0 verbose cli /usr/local/bin/node /usr/local/bin/npm
1 info using npm@10.9.2
2 info using node@v21.7.3
3 silly config load:file:/usr/local/lib/node_modules/npm/npmrc
4 silly config load:file:/home/container/.npmrc
5 silly config load:file:/usr/local/etc/npmrc
6 verbose title npm search ytdownload
7 verbose argv "search" "ytdownload"
8 verbose logfile logs-max:10 dir:/home/container/.npm/_logs/2025-05-05T20_47_32_734Z-
9 verbose logfile /home/container/.npm/_logs/2025-05-05T20_47_32_734Z-debug-0.log
10 silly logfile start cleaning logs, removing 1 files
11 silly logfile done cleaning log files
12 silly search searching packages
13 http fetch GET 200 https://registry.npmjs.org/-/v1/search?text=ytdownload&size=20&from=0&quality=0.65&popularity=0.98&maintenance=0.5 584ms (cache miss)
14 silly search search completed
15 verbose cwd /home/container
16 verbose os Linux 6.8.0-51-generic
17 verbose node v21.7.3
18 verbose npm  v10.9.2
19 verbose exit 0
20 info ok
