0 verbose cli /usr/local/bin/node /usr/local/bin/npm
1 info using npm@11.4.2
2 info using node@v20.19.3
3 silly config load:file:/usr/local/lib/node_modules/npm/npmrc
4 silly config load:file:/home/container/.npmrc
5 silly config load:file:/usr/local/etc/npmrc
6 verbose title npm install
7 verbose argv "install"
8 verbose logfile logs-max:10 dir:/home/container/.npm/_logs/2025-07-03T23_28_04_175Z-
9 verbose logfile /home/container/.npm/_logs/2025-07-03T23_28_04_175Z-debug-0.log
10 silly logfile done cleaning log files
11 silly packumentCache heap:761266176 maxSize:190316544 maxEntrySize:95158272
12 silly idealTree buildDeps
13 silly reify moves {}
14 silly audit bulk request {
14 silly audit   '@cacheable/node-cache': [ '1.5.8' ],
14 silly audit   '@eslint-community/eslint-utils': [ '4.7.0' ],
14 silly audit   '@eslint-community/regexpp': [ '4.12.1' ],
14 silly audit   '@eslint/config-array': [ '0.21.0' ],
14 silly audit   'brace-expansion': [ '1.1.12', '2.0.2' ],
14 silly audit   minimatch: [ '3.1.2', '9.0.5', '3.0.8' ],
14 silly audit   '@eslint/config-helpers': [ '0.3.0' ],
14 silly audit   '@eslint/core': [ '0.14.0', '0.15.1' ],
14 silly audit   '@eslint/eslintrc': [ '3.3.1' ],
14 silly audit   ignore: [ '5.3.2', '7.0.5' ],
14 silly audit   '@eslint/js': [ '9.30.1' ],
14 silly audit   '@eslint/object-schema': [ '2.1.6' ],
14 silly audit   '@eslint/plugin-kit': [ '0.3.3' ],
14 silly audit   '@fastify/busboy': [ '2.1.1' ],
14 silly audit   '@gar/promisify': [ '1.1.3' ],
14 silly audit   '@hapi/boom': [ '9.1.4' ],
14 silly audit   '@hapi/hoek': [ '9.3.0' ],
14 silly audit   '@humanfs/core': [ '0.19.1' ],
14 silly audit   '@humanfs/node': [ '0.16.6' ],
14 silly audit   '@humanwhocodes/retry': [ '0.3.1', '0.4.3' ],
14 silly audit   '@humanwhocodes/module-importer': [ '1.0.1' ],
14 silly audit   '@jsep-plugin/assignment': [ '1.3.0' ],
14 silly audit   '@jsep-plugin/regex': [ '1.0.4' ],
14 silly audit   '@keyv/serialize': [ '1.0.3' ],
14 silly audit   '@nodelib/fs.scandir': [ '2.1.5' ],
14 silly audit   '@nodelib/fs.stat': [ '2.0.5' ],
14 silly audit   '@nodelib/fs.walk': [ '1.2.8' ],
14 silly audit   '@npmcli/fs': [ '1.1.1' ],
14 silly audit   '@npmcli/move-file': [ '1.1.2' ],
14 silly audit   '@protobufjs/aspromise': [ '1.1.2' ],
14 silly audit   '@protobufjs/base64': [ '1.1.2' ],
14 silly audit   '@protobufjs/codegen': [ '2.0.4' ],
14 silly audit   '@protobufjs/eventemitter': [ '1.1.0' ],
14 silly audit   '@protobufjs/fetch': [ '1.1.0' ],
14 silly audit   '@protobufjs/float': [ '1.0.2' ],
14 silly audit   '@protobufjs/inquire': [ '1.1.0' ],
14 silly audit   '@protobufjs/path': [ '1.1.2' ],
14 silly audit   '@protobufjs/pool': [ '1.1.0' ],
14 silly audit   '@protobufjs/utf8': [ '1.1.0' ],
14 silly audit   '@tokenizer/token': [ '0.3.0' ],
14 silly audit   '@tootallnate/once': [ '1.1.2' ],
14 silly audit   '@types/estree': [ '1.0.8' ],
14 silly audit   '@types/json-schema': [ '7.0.15' ],
14 silly audit   '@types/long': [ '4.0.2' ],
14 silly audit   '@types/node': [ '24.0.10', '10.17.60' ],
14 silly audit   '@typescript-eslint/eslint-plugin': [ '8.35.1' ],
14 silly audit   '@typescript-eslint/parser': [ '8.35.1' ],
14 silly audit   '@typescript-eslint/project-service': [ '8.35.1' ],
14 silly audit   '@typescript-eslint/scope-manager': [ '8.35.1' ],
14 silly audit   '@typescript-eslint/tsconfig-utils': [ '8.35.1' ],
14 silly audit   '@typescript-eslint/type-utils': [ '8.35.1' ],
14 silly audit   '@typescript-eslint/types': [ '8.35.1' ],
14 silly audit   '@typescript-eslint/typescript-estree': [ '8.35.1' ],
14 silly audit   '@typescript-eslint/utils': [ '8.35.1' ],
14 silly audit   '@typescript-eslint/visitor-keys': [ '8.35.1' ],
14 silly audit   'eslint-visitor-keys': [ '4.2.1', '3.4.3' ],
14 silly audit   '@whiskeysockets/baileys': [ '6.7.18' ],
14 silly audit   '@whiskeysockets/eslint-config': [ '1.0.0' ],
14 silly audit   abbrev: [ '1.1.1' ],
14 silly audit   'abort-controller': [ '3.0.0' ],
14 silly audit   accepts: [ '2.0.0' ],
14 silly audit   acorn: [ '8.15.0' ],
14 silly audit   'acorn-jsx': [ '5.3.2' ],
14 silly audit   'agent-base': [ '6.0.2' ],
14 silly audit   agentkeepalive: [ '4.6.0' ],
14 silly audit   'aggregate-error': [ '3.1.0' ],
14 silly audit   ajv: [ '6.12.6' ],
14 silly audit   'ansi-regex': [ '3.0.1', '5.0.1' ],
14 silly audit   'ansi-styles': [ '4.3.0' ],
14 silly audit   aproba: [ '2.0.0' ],
14 silly audit   'are-we-there-yet': [ '3.0.1' ],
14 silly audit   argparse: [ '2.0.1' ],
14 silly audit   'async-mutex': [ '0.5.0' ],
14 silly audit   'async.parallellimit': [ '0.5.2' ],
14 silly audit   'async.util.eachoflimit': [ '0.5.2' ],
14 silly audit   'async.util.isarray': [ '0.5.2' ],
14 silly audit   'async.util.isarraylike': [ '0.5.2' ],
14 silly audit   'async.util.keyiterator': [ '0.5.2' ],
14 silly audit   'async.util.keys': [ '0.5.2' ],
14 silly audit   'async.util.noop': [ '0.5.2' ],
14 silly audit   'async.util.once': [ '0.5.2' ],
14 silly audit   'async.util.onlyonce': [ '0.5.2' ],
14 silly audit   'async.util.parallel': [ '0.5.2' ],
14 silly audit   'async.util.restparam': [ '0.5.2' ],
14 silly audit   asynckit: [ '0.4.0' ],
14 silly audit   'atomic-sleep': [ '1.0.0' ],
14 silly audit   axios: [ '1.10.0' ],
14 silly audit   b4a: [ '1.6.7' ],
14 silly audit   baileys: [ '6.7.18' ],
14 silly audit   'balanced-match': [ '1.0.2' ],
14 silly audit   'bare-events': [ '2.5.4' ],
14 silly audit   'bare-fs': [ '4.1.5' ],
14 silly audit   'bare-os': [ '3.6.1' ],
14 silly audit   'bare-path': [ '3.0.0' ],
14 silly audit   'bare-stream': [ '2.6.5' ],
14 silly audit   'base64-js': [ '1.5.1' ],
14 silly audit   bindings: [ '1.5.0' ],
14 silly audit   bl: [ '4.1.0' ],
14 silly audit   buffer: [ '5.7.1', '6.0.3' ],
14 silly audit   'body-parser': [ '2.2.0' ],
14 silly audit   boolbase: [ '1.0.0' ],
14 silly audit   boolstring: [ '2.0.1' ],
14 silly audit   braces: [ '3.0.3' ],
14 silly audit   bytes: [ '3.1.2' ],
14 silly audit   cacache: [ '15.3.0' ],
14 silly audit   chownr: [ '2.0.0', '1.1.4' ],
14 silly audit   cacheable: [ '1.10.1' ],
14 silly audit   'call-bind-apply-helpers': [ '1.0.2' ],
14 silly audit   'call-bound': [ '1.0.4' ],
14 silly audit   callsites: [ '3.1.0' ],
14 silly audit   chalk: [ '5.4.1', '4.1.2' ],
14 silly audit   cheerio: [ '1.1.0' ],
14 silly audit   'cheerio-select': [ '2.1.0' ],
14 silly audit   undici: [ '7.11.0', '5.29.0' ],
14 silly audit   'clean-stack': [ '2.2.0' ],
14 silly audit   clone: [ '2.1.2' ],
14 silly audit   color: [ '4.2.3' ],
14 silly audit   'color-convert': [ '2.0.1' ],
14 silly audit   'color-name': [ '1.1.4' ],
14 silly audit   'color-string': [ '1.9.1' ],
14 silly audit   'color-support': [ '1.1.3' ],
14 silly audit   'combined-stream': [ '1.0.8' ],
14 silly audit   'concat-map': [ '0.0.1' ],
14 silly audit   'console-control-strings': [ '1.1.0' ],
14 silly audit   'content-disposition': [ '1.0.0' ],
14 silly audit   'content-type': [ '1.0.5' ],
14 silly audit   cookie: [ '0.7.2' ],
14 silly audit   'cookie-signature': [ '1.2.2' ],
14 silly audit   'cron-parser': [ '4.9.0' ],
14 silly audit   'cross-spawn': [ '7.0.6' ],
14 silly audit   'css-select': [ '5.2.2' ],
14 silly audit   'css-what': [ '6.2.2' ],
14 silly audit   'curve25519-js': [ '0.0.4' ],
14 silly audit   dasu: [ '0.4.3' ],
14 silly audit   debug: [ '4.4.1' ],
14 silly audit   'decompress-response': [ '6.0.0' ],
14 silly audit   'deep-extend': [ '0.6.0' ],
14 silly audit   'deep-is': [ '0.1.4' ],
14 silly audit   'delayed-stream': [ '1.0.0' ],
14 silly audit   delegates: [ '1.0.0' ],
14 silly audit   depd: [ '2.0.0' ],
14 silly audit   'detect-libc': [ '2.0.4' ],
14 silly audit   'dom-serializer': [ '2.0.0' ],
14 silly audit   domelementtype: [ '2.3.0' ],
14 silly audit   domhandler: [ '5.0.3' ],
14 silly audit   domutils: [ '3.2.2' ],
14 silly audit   dotenv: [ '16.6.1' ],
14 silly audit   'dunder-proto': [ '1.0.1' ],
14 silly audit   duplexify: [ '4.1.3' ],
14 silly audit   'ee-first': [ '1.1.1' ],
14 silly audit   'emoji-regex': [ '8.0.0' ],
14 silly audit   encodeurl: [ '2.0.0' ],
14 silly audit   encoding: [ '0.1.13' ],
14 silly audit   'encoding-sniffer': [ '0.2.1' ],
14 silly audit   'end-of-stream': [ '1.4.5' ],
14 silly audit   entities: [ '4.5.0', '6.0.1' ],
14 silly audit   'env-paths': [ '2.2.1' ],
14 silly audit   'err-code': [ '2.0.3' ],
14 silly audit   'es-define-property': [ '1.0.1' ],
14 silly audit   'es-errors': [ '1.3.0' ],
14 silly audit   'es-object-atoms': [ '1.1.1' ],
14 silly audit   'es-set-tostringtag': [ '2.1.0' ],
14 silly audit   'escape-html': [ '1.0.3' ],
14 silly audit   'escape-string-regexp': [ '4.0.0' ],
14 silly audit   eslint: [ '9.30.1' ],
14 silly audit   'eslint-plugin-simple-import-sort': [ '12.1.1' ],
14 silly audit   'eslint-scope': [ '8.4.0' ],
14 silly audit   espree: [ '10.4.0' ],
14 silly audit   esquery: [ '1.6.0' ],
14 silly audit   esrecurse: [ '4.3.0' ],
14 silly audit   estraverse: [ '5.3.0' ],
14 silly audit   esutils: [ '2.0.3' ],
14 silly audit   etag: [ '1.8.1' ],
14 silly audit   'event-target-shim': [ '5.0.1' ],
14 silly audit   events: [ '3.3.0' ],
14 silly audit   'expand-template': [ '2.0.3' ],
14 silly audit   express: [ '5.1.0' ],
14 silly audit   'fast-deep-equal': [ '3.1.3' ],
14 silly audit   'fast-fifo': [ '1.3.2' ],
14 silly audit   'fast-glob': [ '3.3.3' ],
14 silly audit   'glob-parent': [ '5.1.2', '6.0.2' ],
14 silly audit   'fast-json-stable-stringify': [ '2.1.0' ],
14 silly audit   'fast-levenshtein': [ '2.0.6' ],
14 silly audit   'fast-redact': [ '3.5.0' ],
14 silly audit   'fast-xml-parser': [ '4.5.3' ],
14 silly audit   fastq: [ '1.19.1' ],
14 silly audit   'file-entry-cache': [ '8.0.0' ],
14 silly audit   'file-type': [ '16.5.4' ],
14 silly audit   'file-uri-to-path': [ '1.0.0' ],
14 silly audit   'fill-range': [ '7.1.1' ],
14 silly audit   finalhandler: [ '2.1.0' ],
14 silly audit   'find-up': [ '5.0.0' ],
14 silly audit   'flat-cache': [ '4.0.1' ],
14 silly audit   keyv: [ '4.5.4', '5.3.4' ],
14 silly audit   flatted: [ '3.3.3' ],
14 silly audit   'follow-redirects': [ '1.15.9' ],
14 silly audit   'form-data': [ '4.0.3' ],
14 silly audit   'mime-db': [ '1.52.0', '1.54.0' ],
14 silly audit   'mime-types': [ '2.1.35', '3.0.1' ],
14 silly audit   forwarded: [ '0.2.0' ],
14 silly audit   fresh: [ '2.0.0' ],
14 silly audit   'fs-constants': [ '1.0.0' ],
14 silly audit   'fs-extra': [ '11.3.0' ],
14 silly audit   'fs-minipass': [ '2.1.0' ],
14 silly audit   'fs.realpath': [ '1.0.0' ],
14 silly audit   'function-bind': [ '1.1.2' ],
14 silly audit   gauge: [ '4.0.4' ],
14 silly audit   'is-fullwidth-code-point': [ '3.0.0', '2.0.0' ],
14 silly audit   'string-width': [ '4.2.3', '2.1.1' ],
14 silly audit   'strip-ansi': [ '6.0.1', '4.0.0' ],
14 silly audit   'get-intrinsic': [ '1.3.0' ],
14 silly audit   'get-proto': [ '1.0.1' ],
14 silly audit   'github-from-package': [ '0.0.0' ],
14 silly audit   glob: [ '7.2.3' ],
14 silly audit   globals: [ '14.0.0' ],
14 silly audit   gopd: [ '1.2.0' ],
14 silly audit   'graceful-fs': [ '4.2.11' ],
14 silly audit   graphemer: [ '1.4.0' ],
14 silly audit   'has-flag': [ '4.0.0' ],
14 silly audit   'has-symbols': [ '1.1.0' ],
14 silly audit   'has-tostringtag': [ '1.0.2' ],
14 silly audit   'has-unicode': [ '2.0.1' ],
14 silly audit   hasown: [ '2.0.2' ],
14 silly audit   hookified: [ '1.10.0' ],
14 silly audit   htmlparser2: [ '10.0.0' ],
14 silly audit   'http-cache-semantics': [ '4.2.0' ],
14 silly audit   'http-errors': [ '2.0.0' ],
14 silly audit   statuses: [ '2.0.1', '2.0.2' ],
14 silly audit   'http-proxy-agent': [ '4.0.1' ],
14 silly audit   'https-proxy-agent': [ '5.0.1' ],
14 silly audit   'human-time': [ '0.0.2' ],
14 silly audit   'humanize-ms': [ '1.2.1' ],
14 silly audit   'iconv-lite': [ '0.6.3' ],
14 silly audit   ieee754: [ '1.2.1' ],
14 silly audit   'import-fresh': [ '3.3.1' ],
14 silly audit   imurmurhash: [ '0.1.4' ],
14 silly audit   'indent-string': [ '4.0.0' ],
14 silly audit   'infer-owner': [ '1.0.4' ],
14 silly audit   inflight: [ '1.0.6' ],
14 silly audit   inherits: [ '2.0.4' ],
14 silly audit   ini: [ '1.3.8' ],
14 silly audit   'ip-address': [ '9.0.5' ],
14 silly audit   'ipaddr.js': [ '1.9.1' ],
14 silly audit   'is-arrayish': [ '0.3.2' ],
14 silly audit   'is-extglob': [ '2.1.1' ],
14 silly audit   'is-glob': [ '4.0.3' ],
14 silly audit   'is-lambda': [ '1.0.1' ],
14 silly audit   'is-number': [ '7.0.0' ],
14 silly audit   'is-promise': [ '4.0.0' ],
14 silly audit   isexe: [ '2.0.0' ],
14 silly audit   'js-yaml': [ '4.1.0' ],
14 silly audit   jsbn: [ '1.1.0' ],
14 silly audit   jsep: [ '1.4.0' ],
14 silly audit   'json-buffer': [ '3.0.1' ],
14 silly audit   'json-schema-traverse': [ '0.4.1' ],
14 silly audit   'json-stable-stringify-without-jsonify': [ '1.0.1' ],
14 silly audit   jsonfile: [ '6.1.0' ],
14 silly audit   'jsonpath-plus': [ '10.3.0' ],
14 silly audit   keypress: [ '0.2.1' ],
14 silly audit   levn: [ '0.4.1' ],
14 silly audit   '@whiskeysockets/libsignal-node': [ '2.0.1' ],
14 silly audit   long: [ '4.0.0', '5.3.2' ],
14 silly audit   protobufjs: [ '6.8.8', '7.5.3' ],
14 silly audit   'locate-path': [ '6.0.0' ],
14 silly audit   lodash: [ '4.17.21' ],
14 silly audit   'lodash.merge': [ '4.6.2' ],
14 silly audit   'long-timeout': [ '0.1.1' ],
14 silly audit   'lru-cache': [ '6.0.0' ],
14 silly audit   luxon: [ '3.6.1' ],
14 silly audit   'make-fetch-happen': [ '9.1.0' ],
14 silly audit   negotiator: [ '0.6.4', '1.0.0' ],
14 silly audit   'math-intrinsics': [ '1.1.0' ],
14 silly audit   'media-typer': [ '1.1.0' ],
14 silly audit   megajs: [ '1.3.7' ],
14 silly audit   'merge-descriptors': [ '2.0.0' ],
14 silly audit   merge2: [ '1.4.1' ],
14 silly audit   micromatch: [ '4.0.8' ],
14 silly audit   'mimic-fn': [ '2.1.0' ],
14 silly audit   'mimic-response': [ '3.1.0' ],
14 silly audit   minimist: [ '1.2.8' ],
14 silly audit   minipass: [ '3.3.6', '5.0.0' ],
14 silly audit   'minipass-collect': [ '1.0.2' ],
14 silly audit   'minipass-fetch': [ '1.4.1' ],
14 silly audit   'minipass-flush': [ '1.0.5' ],
14 silly audit   'minipass-pipeline': [ '1.2.4' ],
14 silly audit   'minipass-sized': [ '1.0.3' ],
14 silly audit   minizlib: [ '2.1.2' ],
14 silly audit   mkdirp: [ '1.0.4' ],
14 silly audit   'mkdirp-classic': [ '0.5.3' ],
14 silly audit   moment: [ '2.30.1' ],
14 silly audit   'moment-timezone': [ '0.6.0' ],
14 silly audit   ms: [ '2.1.3' ],
14 silly audit   'music-metadata': [ '7.14.0' ],
14 silly audit   'napi-build-utils': [ '2.0.0' ],
14 silly audit   'natural-compare': [ '1.4.0' ],
14 silly audit   'node-abi': [ '3.75.0' ],
14 silly audit   'node-addon-api': [ '6.1.0', '7.1.1' ],
14 silly audit   'node-cache': [ '5.1.2' ],
14 silly audit   'node-fzf': [ '0.14.0' ],
14 silly audit   'node-gyp': [ '8.4.1' ],
14 silly audit   'node-schedule': [ '2.1.1' ],
14 silly audit   nopt: [ '5.0.0' ],
14 silly audit   npmlog: [ '6.0.2' ],
14 silly audit   'nth-check': [ '2.1.1' ],
14 silly audit   'object-inspect': [ '1.13.4' ],
14 silly audit   'on-exit-leak-free': [ '2.1.2' ],
14 silly audit   'on-finished': [ '2.4.1' ],
14 silly audit   once: [ '1.4.0' ],
14 silly audit   onetime: [ '5.1.2' ],
14 silly audit   optionator: [ '0.9.4' ],
14 silly audit   os: [ '0.1.2' ],
14 silly audit   'p-limit': [ '3.1.0' ],
14 silly audit   'p-locate': [ '5.0.0' ],
14 silly audit   'p-map': [ '4.0.0' ],
14 silly audit   'parent-module': [ '1.0.1' ],
14 silly audit   parse5: [ '7.3.0' ],
14 silly audit   'parse5-htmlparser2-tree-adapter': [ '7.1.0' ],
14 silly audit   'parse5-parser-stream': [ '7.1.2' ],
14 silly audit   parseurl: [ '1.3.3' ],
14 silly audit   'pastebin-api': [ '7.0.0' ],
14 silly audit   'path-exists': [ '4.0.0' ],
14 silly audit   'path-is-absolute': [ '1.0.1' ],
14 silly audit   'path-key': [ '3.1.1' ],
14 silly audit   'path-to-regexp': [ '8.2.0' ],
14 silly audit   'peek-readable': [ '4.1.0' ],
14 silly audit   picocolors: [ '1.1.1' ],
14 silly audit   picomatch: [ '2.3.1' ],
14 silly audit   pino: [ '9.7.0' ],
14 silly audit   'pino-abstract-transport': [ '2.0.0' ],
14 silly audit   'pino-std-serializers': [ '7.0.0' ],
14 silly audit   'prebuild-install': [ '7.1.3' ],
14 silly audit   'tar-fs': [ '2.1.3', '3.1.0' ],
14 silly audit   'tar-stream': [ '2.2.0', '3.1.7' ],
14 silly audit   'prelude-ls': [ '1.2.1' ],
14 silly audit   process: [ '0.11.10' ],
14 silly audit   'process-warning': [ '5.0.0' ],
14 silly audit   'promise-inflight': [ '1.0.1' ],
14 silly audit   'promise-retry': [ '2.0.1' ],
14 silly audit   'proxy-addr': [ '2.0.7' ],
14 silly audit   'proxy-from-env': [ '1.1.0' ],
14 silly audit   pump: [ '3.0.3' ],
14 silly audit   pumpify: [ '2.0.1' ],
14 silly audit   punycode: [ '2.3.1' ],
14 silly audit   'qr-image': [ '3.2.0' ],
14 silly audit   qs: [ '6.14.0' ],
14 silly audit   'queue-microtask': [ '1.2.3' ],
14 silly audit   'quick-format-unescaped': [ '4.0.4' ],
14 silly audit   'range-parser': [ '1.2.1' ],
14 silly audit   'raw-body': [ '3.0.0' ],
14 silly audit   rc: [ '1.2.8' ],
14 silly audit   'strip-json-comments': [ '2.0.1', '3.1.1' ],
14 silly audit   'readable-stream': [ '3.6.2', '4.7.0' ],
14 silly audit   'readable-web-to-node-stream': [ '3.0.4' ],
14 silly audit   'real-require': [ '0.2.0' ],
14 silly audit   redstar: [ '0.0.2' ],
14 silly audit   'resolve-from': [ '4.0.0' ],
14 silly audit   'restore-cursor': [ '3.1.0' ],
14 silly audit   retry: [ '0.12.0' ],
14 silly audit   reusify: [ '1.1.0' ],
14 silly audit   rimraf: [ '3.0.2' ],
14 silly audit   router: [ '2.2.0' ],
14 silly audit   'run-parallel': [ '1.2.0' ],
14 silly audit   'safe-buffer': [ '5.2.1' ],
14 silly audit   'safe-stable-stringify': [ '2.5.0' ],
14 silly audit   'safer-buffer': [ '2.1.2' ],
14 silly audit   semver: [ '7.7.2' ],
14 silly audit   send: [ '1.2.0' ],
14 silly audit   'serve-static': [ '2.2.0' ],
14 silly audit   'set-blocking': [ '2.0.0' ],
14 silly audit   setprototypeof: [ '1.2.0' ],
14 silly audit   sharp: [ '0.32.6' ],
14 silly audit   'shebang-command': [ '2.0.0' ],
14 silly audit   'shebang-regex': [ '3.0.0' ],
14 silly audit   'side-channel': [ '1.1.0' ],
14 silly audit   'side-channel-list': [ '1.0.0' ],
14 silly audit   'side-channel-map': [ '1.0.1' ],
14 silly audit   'side-channel-weakmap': [ '1.0.2' ],
14 silly audit   'signal-exit': [ '3.0.7' ],
14 silly audit   'simple-concat': [ '1.0.1' ],
14 silly audit   'simple-get': [ '4.0.1' ],
14 silly audit   'simple-swizzle': [ '0.2.2' ],
14 silly audit   'smart-buffer': [ '4.2.0' ],
14 silly audit   socks: [ '2.8.5' ],
14 silly audit   'socks-proxy-agent': [ '6.2.1' ],
14 silly audit   'sonic-boom': [ '4.2.0' ],
14 silly audit   'sorted-array-functions': [ '1.3.0' ],
14 silly audit   split2: [ '4.2.0' ],
14 silly audit   'sprintf-js': [ '1.1.3' ],
14 silly audit   sqlite3: [ '5.1.7' ],
14 silly audit   ssri: [ '8.0.1' ],
14 silly audit   'stream-shift': [ '1.0.3' ],
14 silly audit   'stream-skip': [ '1.0.3' ],
14 silly audit   streamx: [ '2.22.1' ],
14 silly audit   string_decoder: [ '1.3.0' ],
14 silly audit   strnum: [ '1.1.2' ],
14 silly audit   strtok3: [ '6.3.0' ],
14 silly audit   'supports-color': [ '7.2.0' ],
14 silly audit   systeminformation: [ '5.27.7' ],
14 silly audit   tar: [ '6.2.1' ],
14 silly audit   'text-decoder': [ '1.2.3' ],
14 silly audit   'thread-stream': [ '3.1.0' ],
14 silly audit   'to-regex-range': [ '5.0.1' ],
14 silly audit   toidentifier: [ '1.0.1' ],
14 silly audit   'token-types': [ '4.2.1' ],
14 silly audit   'ts-api-utils': [ '2.1.0' ],
14 silly audit   tslib: [ '2.8.1' ],
14 silly audit   ttys: [ '0.0.3' ],
14 silly audit   'tunnel-agent': [ '0.6.0' ],
14 silly audit   'type-check': [ '0.4.0' ],
14 silly audit   'type-is': [ '2.0.1' ],
14 silly audit   typescript: [ '5.8.3' ],
14 silly audit   'undici-types': [ '7.8.0' ],
14 silly audit   'unique-filename': [ '1.1.1' ],
14 silly audit   'unique-slug': [ '2.0.2' ],
14 silly audit   universalify: [ '2.0.1' ],
14 silly audit   unpipe: [ '1.0.0' ],
14 silly audit   'uri-js': [ '4.4.1' ],
14 silly audit   'util-deprecate': [ '1.0.2' ],
14 silly audit   vary: [ '1.1.2' ],
14 silly audit   'whatwg-encoding': [ '3.1.1' ],
14 silly audit   'whatwg-mimetype': [ '4.0.0' ],
14 silly audit   which: [ '2.0.2' ],
14 silly audit   'wide-align': [ '1.1.5' ],
14 silly audit   'word-wrap': [ '1.2.5' ],
14 silly audit   wrappy: [ '1.0.2' ],
14 silly audit   ws: [ '8.18.3' ],
14 silly audit   yallist: [ '4.0.0' ],
14 silly audit   'yocto-queue': [ '0.1.0' ],
14 silly audit   'yt-search': [ '2.13.1' ]
14 silly audit }
15 http fetch POST 200 https://registry.npmjs.org/-/npm/v1/security/advisories/bulk 2243ms
16 silly audit report {}
17 verbose cwd /home/container
18 verbose os Linux 5.15.0-136-generic
19 verbose node v20.19.3
20 verbose npm  v11.4.2
21 verbose exit 0
22 info ok
