0 verbose cli /usr/local/bin/node /usr/local/bin/npm
1 info using npm@10.9.2
2 info using node@v21.7.3
3 silly config load:file:/usr/local/lib/node_modules/npm/npmrc
4 silly config load:file:/home/container/.npmrc
5 silly config load:file:/usr/local/etc/npmrc
6 verbose title npm search anime
7 verbose argv "search" "anime"
8 verbose logfile logs-max:10 dir:/home/container/.npm/_logs/2025-05-05T13_26_10_710Z-
9 verbose logfile /home/container/.npm/_logs/2025-05-05T13_26_10_710Z-debug-0.log
10 silly logfile done cleaning log files
11 silly search searching packages
12 http fetch GET 200 https://registry.npmjs.org/-/v1/search?text=anime&size=20&from=0&quality=0.65&popularity=0.98&maintenance=0.5 597ms (cache miss)
13 silly search search completed
14 verbose cwd /home/container
15 verbose os Linux 6.8.0-51-generic
16 verbose node v21.7.3
17 verbose npm  v10.9.2
18 verbose exit 0
19 info ok
